Added Component: Designator=C1(0805_CAP)
Added Component: Designator=C2(0805_CAP)
Added Component: Designator=C3(0805_CAP)
Added Component: Designator=C4(0805_CAP)
Added Component: Designator=C5(0805_CAP)
Added Component: Designator=C6(0805_CAP)
Added Component: Designator=C7(CAP0805)
Added Component: Designator=E1(PIN1)
Added Component: Designator=Ind1(RES0603)
Added Component: Designator=P1(HeaderHx2)
Added Component: Designator=Q1(SOT23)
Added Component: Designator=R1(0805_RES)
Added Component: Designator=R2(0805_RES)
Added Component: Designator=R3(0805_RES)
Added Component: Designator=R4(0805_RES)
Added Component: Designator=R5(0805_RES)
Added Component: Designator=R6(RES0805)
Added Component: Designator=R7(RES0805)
Added Component: Designator=S1(SW-PB6mm)
Added Component: Designator=U1(SOIC127P602-16BN)
Added Pin To Net: NetName=GND Pin=C1-1
Added Pin To Net: NetName=GND Pin=C2-1
Added Pin To Net: NetName=GND Pin=C4-1
Added Pin To Net: NetName=GND Pin=C5-1
Added Pin To Net: NetName=GND Pin=C6-1
Added Pin To Net: NetName=GND Pin=P1-2
Added Pin To Net: NetName=GND Pin=R4-2
Added Pin To Net: NetName=GND Pin=U1-6
Added Pin To Net: NetName=GND Pin=U1-8
Added Pin To Net: NetName=GND Pin=U1-9
Added Pin To Net: NetName=GND Pin=U1-14
Added Net: Name=GND
Added Pin To Net: NetName=NetC1_2 Pin=C1-2
Added Pin To Net: NetName=NetC1_2 Pin=C2-2
Added Pin To Net: NetName=NetC1_2 Pin=Ind1-2
Added Pin To Net: NetName=NetC1_2 Pin=R1-2
Added Net: Name=NetC1_2
Added Pin To Net: NetName=NetC3_1 Pin=C3-1
Added Pin To Net: NetName=NetC3_1 Pin=C6-2
Added Pin To Net: NetName=NetC3_1 Pin=Q1-2
Added Pin To Net: NetName=NetC3_1 Pin=R4-1
Added Net: Name=NetC3_1
Added Pin To Net: NetName=NetC3_2 Pin=C3-2
Added Pin To Net: NetName=NetC3_2 Pin=C4-2
Added Pin To Net: NetName=NetC3_2 Pin=Ind1-1
Added Pin To Net: NetName=NetC3_2 Pin=Q1-3
Added Pin To Net: NetName=NetC3_2 Pin=R5-1
Added Net: Name=NetC3_2
Added Pin To Net: NetName=NetC5_2 Pin=C5-2
Added Pin To Net: NetName=NetC5_2 Pin=Q1-1
Added Pin To Net: NetName=NetC5_2 Pin=R2-2
Added Pin To Net: NetName=NetC5_2 Pin=R3-2
Added Net: Name=NetC5_2
Added Pin To Net: NetName=NetC7_1 Pin=C7-1
Added Pin To Net: NetName=NetC7_1 Pin=R6-2
Added Pin To Net: NetName=NetC7_1 Pin=R7-2
Added Net: Name=NetC7_1
Added Pin To Net: NetName=NetC7_2 Pin=C7-2
Added Pin To Net: NetName=NetC7_2 Pin=U1-12
Added Net: Name=NetC7_2
Added Pin To Net: NetName=NetE1_1 Pin=E1-1
Added Pin To Net: NetName=NetE1_1 Pin=R5-2
Added Net: Name=NetE1_1
Added Pin To Net: NetName=NetP1_1 Pin=P1-1
Added Pin To Net: NetName=NetP1_1 Pin=S1-1
Added Net: Name=NetP1_1
Added Pin To Net: NetName=NetR3_1 Pin=R3-1
Added Pin To Net: NetName=NetR3_1 Pin=U1-15
Added Net: Name=NetR3_1
Added Pin To Net: NetName=NetR6_1 Pin=R6-1
Added Pin To Net: NetName=NetR6_1 Pin=U1-13
Added Net: Name=NetR6_1
Added Pin To Net: NetName=NetR7_1 Pin=R7-1
Added Pin To Net: NetName=NetR7_1 Pin=U1-11
Added Net: Name=NetR7_1
Added Pin To Net: NetName=VCC Pin=R1-1
Added Pin To Net: NetName=VCC Pin=R2-1
Added Pin To Net: NetName=VCC Pin=S1-4
Added Pin To Net: NetName=VCC Pin=U1-16
Added Net: Name=VCC
Added Class: Name=Mando_v0
